<?xml version="1.0" encoding="UTF-8"?>
<!-- Generated by org.testng.reporters.JUnitXMLReporter -->
<testsuite ignored="0" hostname="LIN51013488" failures="1" tests="10" name="usertest" time="27.964" errors="0" timestamp="2024-08-29T14:07:48 IST">
  <testcase classname="api.TestCases.UserTestDataDriven" name="createUserTest" time="6.454"/>
  <testcase classname="api.TestCases.UserTestDataDriven" name="createUserTest" time="2.704"/>
  <testcase classname="api.TestCases.UserTestDataDriven" name="createUserTest" time="1.972"/>
  <testcase classname="api.TestCases.UserTestDataDriven" name="deleteUserTest" time="1.842"/>
  <testcase classname="api.TestCases.UserTestDataDriven" name="deleteUserTest" time="2.003"/>
  <testcase classname="api.TestCases.UserTestDataDriven" name="deleteUserTest" time="2.135"/>
  <testcase classname="api.TestCases.UserTests" name="createUserTest" time="1.658"/>
  <testcase classname="api.TestCases.UserTests" name="getUserTest" time="1.627"/>
  <testcase classname="api.TestCases.UserTests" name="updateUserTest" time="1.675">
    <failure type="java.lang.AssertionError" message="expected [200] but found [405]">
      <![CDATA[java.lang.AssertionError: expected [200] but found [405]
at api.TestCases.UserTests.updateUserTest(UserTests.java:71)
at java.base/java.util.ArrayList.forEach(ArrayList.java:1540)
... Removed 34 stack frames]]>
    </failure>
  </testcase> <!-- updateUserTest -->
  <testcase classname="api.TestCases.UserTests" name="deleteUserTest" time="1.659"/>
</testsuite> <!-- usertest -->
